d:\dev\mhelp\mhelp\debug\win32\vc140.pdb
d:\dev\mhelp\mhelp\debug\win32\vc140.idb
d:\dev\mhelp\mhelp\debug\win32\evaluatedlg.obj
d:\dev\mhelp\mhelp\debug\win32\favsdlg.obj
d:\dev\mhelp\mhelp\debug\win32\helpcom.obj
d:\dev\mhelp\mhelp\debug\win32\mhelp.obj
d:\dev\mhelp\mhelp\debug\win32\mhpdlg.obj
d:\dev\mhelp\mhelp\debug\win32\servdlg.obj
d:\dev\mhelp\mhelp\debug\win32\stdafx.obj
d:\dev\mhelp\mhelp\debug\win32\mhelp.ilk
d:\dev\mhelp\mhelp\debug\win32\mhelp.dll
d:\dev\mhelp\mhelp\debug\win32\mhelp.pdb
d:\dev\mhelp\mhelp\debug\win32\mhelp.lib
d:\dev\mhelp\mhelp\debug\win32\mhelp.exp
d:\dev\mhelp\mhelp\debug\win32\mhelp.res
d:\dev\mhelp\mhelp\debug\win32\mscorlib.tlh
d:\dev\mhelp\mhelp\debug\win32\mhelp.tlog\cl.command.1.tlog
d:\dev\mhelp\mhelp\debug\win32\mhelp.tlog\cl.read.1.tlog
d:\dev\mhelp\mhelp\debug\win32\mhelp.tlog\cl.write.1.tlog
d:\dev\mhelp\mhelp\debug\win32\mhelp.tlog\link.command.1.tlog
d:\dev\mhelp\mhelp\debug\win32\mhelp.tlog\link.read.1.tlog
d:\dev\mhelp\mhelp\debug\win32\mhelp.tlog\link.write.1.tlog
d:\dev\mhelp\mhelp\debug\win32\mhelp.tlog\mhelp.write.1u.tlog
d:\dev\mhelp\mhelp\debug\win32\mhelp.tlog\rc.command.1.tlog
d:\dev\mhelp\mhelp\debug\win32\mhelp.tlog\rc.read.1.tlog
d:\dev\mhelp\mhelp\debug\win32\mhelp.tlog\rc.write.1.tlog
