Build started 26/03/2013 16:50:31.
     1>Project "D:\Dev\mHelp\JmHelp\JmHelp.vcxproj" on node 2 (rebuild target(s)).
     1>InitializeBuildStatus:
         Creating "Debug\x64\JmHelp.unsuccessfulbuild" because "AlwaysCreate" was specified.
       ClCompile:
         C:\Program Files (x86)\Microsoft Visual Studio 10.0\VC\bin\x86_amd64\CL.exe /c /I"C:\Program Files\Java\jdk1.7.0_13\include" /I"C:\Program Files\Java\jdk1.7.0_13\include\win32" /ID:\Dev\mHelp\mHelp /Zi /nologo /W3 /WX- /Od /D _WIN64 /D _DEBUG /D _WINDOWS /D _USRDLL /D JMHELP_EXPORTS /D _WINDLL /D _MBCS /Gm /EHsc /RTC1 /MDd /GS /fp:precise /Zc:wchar_t /Zc:forScope /Fo"Debug\x64\\" /Fd"Debug\x64\vc100.pdb" /Gd /TP /errorReport:prompt JmHelp.cpp
         JmHelp.cpp
       ManifestResourceCompile:
         C:\Program Files (x86)\Microsoft SDKs\Windows\v7.0A\bin\rc.exe /nologo /fo"Debug\x64\JmHelp.dll.embed.manifest.res" Debug\x64\JmHelp_manifest.rc 
       Link:
         C:\Program Files (x86)\Microsoft Visual Studio 10.0\VC\bin\x86_amd64\link.exe /ERRORREPORT:PROMPT /OUT:"D:\Dev\mHelp\JmHelp\Debug\x64\JmHelp.dll" /INCREMENTAL /NOLOGO D:\Dev\mHelp\mHelp\Debug\x64\mHelp.lib kernel32.lib user32.lib gdi32.lib winspool.lib comdlg32.lib advapi32.lib shell32.lib ole32.lib oleaut32.lib uuid.lib odbc32.lib odbccp32.lib /MANIFEST /ManifestFile:"Debug\x64\JmHelp.dll.intermediate.manifest" /MANIFESTUAC:"level='asInvoker' uiAccess='false'" /DEBUG /PDB:"D:\Dev\mHelp\JmHelp\Debug\x64\JmHelp.pdb" /SUBSYSTEM:WINDOWS /TLBID:1 /DYNAMICBASE /NXCOMPAT /IMPLIB:"D:\Dev\mHelp\JmHelp\Debug\x64\JmHelp.lib" /MACHINE:X64 /DLL Debug\x64\JmHelp.dll.embed.manifest.res
         Debug\x64\JmHelp.obj
            Creating library D:\Dev\mHelp\JmHelp\Debug\x64\JmHelp.lib and object D:\Dev\mHelp\JmHelp\Debug\x64\JmHelp.exp
         JmHelp.vcxproj -> D:\Dev\mHelp\JmHelp\Debug\x64\JmHelp.dll
       Manifest:
         Deleting file "Debug\x64\JmHelp.dll.embed.manifest".
         C:\Program Files (x86)\Microsoft SDKs\Windows\v7.0A\bin\mt.exe /nologo /verbose /out:"Debug\x64\JmHelp.dll.embed.manifest" /manifest Debug\x64\JmHelp.dll.intermediate.manifest
         C:\Program Files (x86)\Microsoft SDKs\Windows\v7.0A\bin\rc.exe /nologo /fo"Debug\x64\JmHelp.dll.embed.manifest.res" Debug\x64\JmHelp_manifest.rc 
       LinkEmbedManifest:
         C:\Program Files (x86)\Microsoft Visual Studio 10.0\VC\bin\x86_amd64\link.exe /ERRORREPORT:PROMPT /OUT:"D:\Dev\mHelp\JmHelp\Debug\x64\JmHelp.dll" /INCREMENTAL /NOLOGO D:\Dev\mHelp\mHelp\Debug\x64\mHelp.lib kernel32.lib user32.lib gdi32.lib winspool.lib comdlg32.lib advapi32.lib shell32.lib ole32.lib oleaut32.lib uuid.lib odbc32.lib odbccp32.lib /MANIFEST /ManifestFile:"Debug\x64\JmHelp.dll.intermediate.manifest" /MANIFESTUAC:"level='asInvoker' uiAccess='false'" /DEBUG /PDB:"D:\Dev\mHelp\JmHelp\Debug\x64\JmHelp.pdb" /SUBSYSTEM:WINDOWS /TLBID:1 /DYNAMICBASE /NXCOMPAT /IMPLIB:"D:\Dev\mHelp\JmHelp\Debug\x64\JmHelp.lib" /MACHINE:X64 /DLL Debug\x64\JmHelp.dll.embed.manifest.res
         Debug\x64\JmHelp.obj
            Creating library D:\Dev\mHelp\JmHelp\Debug\x64\JmHelp.lib and object D:\Dev\mHelp\JmHelp\Debug\x64\JmHelp.exp
         JmHelp.vcxproj -> D:\Dev\mHelp\JmHelp\Debug\x64\JmHelp.dll
       FinalizeBuildStatus:
         Deleting file "Debug\x64\JmHelp.unsuccessfulbuild".
         Touching "Debug\x64\JmHelp.lastbuildstate".
     1>Done Building Project "D:\Dev\mHelp\JmHelp\JmHelp.vcxproj" (rebuild target(s)).

Build succeeded.

Time Elapsed 00:00:00.87
