d:\dev\mhelp\mhppak\debug\win32\vc140.pdb
d:\dev\mhelp\mhppak\debug\win32\vc140.idb
d:\dev\mhelp\mhppak\debug\win32\mhpmsg.obj
d:\dev\mhelp\mhppak\debug\win32\mhppak.obj
d:\dev\mhelp\mhppak\debug\win32\stdafx.obj
d:\dev\mhelp\mhppak\debug\win32\mhppak.ilk
d:\dev\mhelp\mhppak\debug\win32\mhppak.dll
d:\dev\mhelp\mhppak\debug\win32\mhppak.pdb
d:\dev\mhelp\mhppak\debug\win32\mhppak.lib
d:\dev\mhelp\mhppak\debug\win32\mhppak.exp
d:\dev\mhelp\mhppak\debug\win32\mhppak.res
d:\dev\mhelp\mhppak\debug\win32\mhppak.tlog\cl.command.1.tlog
d:\dev\mhelp\mhppak\debug\win32\mhppak.tlog\cl.read.1.tlog
d:\dev\mhelp\mhppak\debug\win32\mhppak.tlog\cl.write.1.tlog
d:\dev\mhelp\mhppak\debug\win32\mhppak.tlog\link.command.1.tlog
d:\dev\mhelp\mhppak\debug\win32\mhppak.tlog\link.read.1.tlog
d:\dev\mhelp\mhppak\debug\win32\mhppak.tlog\link.write.1.tlog
d:\dev\mhelp\mhppak\debug\win32\mhppak.tlog\mhppak.write.1u.tlog
d:\dev\mhelp\mhppak\debug\win32\mhppak.tlog\rc.command.1.tlog
d:\dev\mhelp\mhppak\debug\win32\mhppak.tlog\rc.read.1.tlog
d:\dev\mhelp\mhppak\debug\win32\mhppak.tlog\rc.write.1.tlog
