Build started 26/03/2013 16:49:13.
     1>Project "D:\Dev\mHelp\mHpCtrlMgmt\mHpCtrlMgmt.vcxproj" on node 2 (rebuild target(s)).
     1>InitializeBuildStatus:
         Creating "Debug\x64\mHpCtrlMgmt.unsuccessfulbuild" because "AlwaysCreate" was specified.
       ClCompile:
         C:\Program Files (x86)\Microsoft Visual Studio 10.0\VC\bin\x86_amd64\CL.exe /c /Zi /nologo /W3 /WX- /Od /D _WIN64 /D _DEBUG /D _LIB /D _MBCS /Gm /EHsc /RTC1 /MDd /GS /fp:precise /Zc:wchar_t /Zc:forScope /Fo"Debug\x64\\" /Fd"Debug\x64\vc100.pdb" /Gd /TP /errorReport:prompt mHpCtrlMgmt.cpp
         mHpCtrlMgmt.cpp
     1>mHpCtrlMgmt.cpp(40): warning C4996: 'strncpy': This function or variable may be unsafe. Consider using strncpy_s instead. To disable deprecation, use _CRT_SECURE_NO_WARNINGS. See online help for details.
                 C:\Program Files (x86)\Microsoft Visual Studio 10.0\VC\include\string.h(188) : see declaration of 'strncpy'
     1>mHpCtrlMgmt.cpp(54): warning C4996: 'strncpy': This function or variable may be unsafe. Consider using strncpy_s instead. To disable deprecation, use _CRT_SECURE_NO_WARNINGS. See online help for details.
                 C:\Program Files (x86)\Microsoft Visual Studio 10.0\VC\include\string.h(188) : see declaration of 'strncpy'
     1>mHpCtrlMgmt.cpp(370): warning C4996: 'strncpy': This function or variable may be unsafe. Consider using strncpy_s instead. To disable deprecation, use _CRT_SECURE_NO_WARNINGS. See online help for details.
                 C:\Program Files (x86)\Microsoft Visual Studio 10.0\VC\include\string.h(188) : see declaration of 'strncpy'
     1>mHpCtrlMgmt.cpp(390): warning C4996: 'strncpy': This function or variable may be unsafe. Consider using strncpy_s instead. To disable deprecation, use _CRT_SECURE_NO_WARNINGS. See online help for details.
                 C:\Program Files (x86)\Microsoft Visual Studio 10.0\VC\include\string.h(188) : see declaration of 'strncpy'
     1>mHpCtrlMgmt.cpp(476): warning C4996: 'strncpy': This function or variable may be unsafe. Consider using strncpy_s instead. To disable deprecation, use _CRT_SECURE_NO_WARNINGS. See online help for details.
                 C:\Program Files (x86)\Microsoft Visual Studio 10.0\VC\include\string.h(188) : see declaration of 'strncpy'
       Lib:
         C:\Program Files (x86)\Microsoft Visual Studio 10.0\VC\bin\x86_amd64\Lib.exe /OUT:"D:\Dev\mHelp\mHpCtrlMgmt\Debug\x64\mHpCtrlMgmt.lib" /NOLOGO Debug\x64\mHpCtrlMgmt.obj
         mHpCtrlMgmt.vcxproj -> D:\Dev\mHelp\mHpCtrlMgmt\Debug\x64\mHpCtrlMgmt.lib
       FinalizeBuildStatus:
         Deleting file "Debug\x64\mHpCtrlMgmt.unsuccessfulbuild".
         Touching "Debug\x64\mHpCtrlMgmt.lastbuildstate".
     1>Done Building Project "D:\Dev\mHelp\mHpCtrlMgmt\mHpCtrlMgmt.vcxproj" (rebuild target(s)).

Build succeeded.

Time Elapsed 00:00:00.46
