d:\dev\mhelp\example\win32\winapp\debug\win32\stdafx.obj
d:\dev\mhelp\example\win32\winapp\debug\win32\winapp.obj
d:\dev\mhelp\example\win32\winapp\debug\win32\vc100.pdb
d:\dev\mhelp\example\win32\winapp\debug\win32\winapp.ilk
d:\dev\mhelp\example\win32\winapp\debug\win32\winapp.exe
d:\dev\mhelp\example\win32\winapp\debug\win32\winapp.exe.intermediate.manifest
d:\dev\mhelp\example\win32\winapp\debug\win32\winapp.pdb
d:\dev\mhelp\example\win32\winapp\debug\win32\winapp.exe.embed.manifest
d:\dev\mhelp\example\win32\winapp\debug\win32\winapp.res
d:\dev\mhelp\example\win32\winapp\debug\win32\winapp.exe.embed.manifest.res
d:\dev\mhelp\example\win32\winapp\debug\win32\winapp.vcxprojresolveassemblyreference.cache
d:\dev\mhelp\example\win32\winapp\debug\win32\cl.command.1.tlog
d:\dev\mhelp\example\win32\winapp\debug\win32\cl.read.1.tlog
d:\dev\mhelp\example\win32\winapp\debug\win32\cl.write.1.tlog
d:\dev\mhelp\example\win32\winapp\debug\win32\link-cvtres.read.1.tlog
d:\dev\mhelp\example\win32\winapp\debug\win32\link-cvtres.write.1.tlog
d:\dev\mhelp\example\win32\winapp\debug\win32\link.command.1.tlog
d:\dev\mhelp\example\win32\winapp\debug\win32\link.read.1.tlog
d:\dev\mhelp\example\win32\winapp\debug\win32\link.write.1.tlog
d:\dev\mhelp\example\win32\winapp\debug\win32\mt.command.1.tlog
d:\dev\mhelp\example\win32\winapp\debug\win32\mt.read.1.tlog
d:\dev\mhelp\example\win32\winapp\debug\win32\mt.write.1.tlog
d:\dev\mhelp\example\win32\winapp\debug\win32\rc.command.1.tlog
d:\dev\mhelp\example\win32\winapp\debug\win32\rc.read.1.tlog
d:\dev\mhelp\example\win32\winapp\debug\win32\rc.write.1.tlog
d:\dev\mhelp\example\win32\winapp\debug\win32\winapp.write.1.tlog
d:\dev\mhelp\example\win32\winapp\debug\win32\vc100.idb
d:\dev\mhelp\example\win32\winapp\debug\win32\winapp_manifest.rc
