d:\dev\mhelp\example\qt\appqt\debug\win32\main.obj
d:\dev\mhelp\example\qt\appqt\debug\win32\moc_appqt.obj
d:\dev\mhelp\example\qt\appqt\debug\win32\appqt.obj
d:\dev\mhelp\example\qt\appqt\debug\win32\vc100.pdb
d:\dev\mhelp\example\qt\appqt\debug\win32\qrc_appqt.obj
d:\dev\mhelp\example\qt\appqt\generatedfiles\debug\moc_appqt.cpp
d:\dev\mhelp\example\qt\appqt\generatedfiles\ui_appqt.h
d:\dev\mhelp\example\qt\appqt\generatedfiles\qrc_appqt.cpp
d:\dev\mhelp\example\qt\appqt\debug\win32\appqt.ilk
d:\dev\mhelp\example\qt\appqt\debug\win32\appqt.exe
d:\dev\mhelp\example\qt\appqt\debug\win32\appqt.exe.intermediate.manifest
d:\dev\mhelp\example\qt\appqt\debug\win32\appqt.pdb
d:\dev\mhelp\example\qt\appqt\debug\win32\appqt.res
d:\dev\mhelp\example\qt\appqt\debug\win32\appqt.write.1.tlog
d:\dev\mhelp\example\qt\appqt\debug\win32\cl.command.1.tlog
d:\dev\mhelp\example\qt\appqt\debug\win32\cl.read.1.tlog
d:\dev\mhelp\example\qt\appqt\debug\win32\cl.write.1.tlog
d:\dev\mhelp\example\qt\appqt\debug\win32\custombuild.command.1.tlog
d:\dev\mhelp\example\qt\appqt\debug\win32\custombuild.read.1.tlog
d:\dev\mhelp\example\qt\appqt\debug\win32\custombuild.write.1.tlog
d:\dev\mhelp\example\qt\appqt\debug\win32\link-cvtres.read.1.tlog
d:\dev\mhelp\example\qt\appqt\debug\win32\link-cvtres.write.1.tlog
d:\dev\mhelp\example\qt\appqt\debug\win32\link.command.1.tlog
d:\dev\mhelp\example\qt\appqt\debug\win32\link.read.1.tlog
d:\dev\mhelp\example\qt\appqt\debug\win32\link.read.2.tlog
d:\dev\mhelp\example\qt\appqt\debug\win32\link.write.1.tlog
d:\dev\mhelp\example\qt\appqt\debug\win32\mt.command.1.tlog
d:\dev\mhelp\example\qt\appqt\debug\win32\mt.read.1.tlog
d:\dev\mhelp\example\qt\appqt\debug\win32\mt.write.1.tlog
d:\dev\mhelp\example\qt\appqt\debug\win32\rc.command.1.tlog
d:\dev\mhelp\example\qt\appqt\debug\win32\rc.read.1.tlog
d:\dev\mhelp\example\qt\appqt\debug\win32\rc.write.1.tlog
