Build started 26/03/2013 16:51:02.
     1>Project "D:\Dev\mHelp\Controls\mHpWin32Button\mHpWin32Button.vcxproj" on node 2 (rebuild target(s)).
     1>InitializeBuildStatus:
         Creating "Debug\x64\mHpWin32Button.unsuccessfulbuild" because "AlwaysCreate" was specified.
       ClCompile:
         C:\Program Files (x86)\Microsoft Visual Studio 10.0\VC\bin\x86_amd64\CL.exe /c /ID:\Dev\mHelp\mHpCtrlMgmt /Zi /nologo /W3 /WX- /Od /D _WIN64 /D _DEBUG /D _WINDOWS /D _USRDLL /D MHPWIN32BUTTON_EXPORTS /D _WINDLL /D _MBCS /Gm /EHsc /RTC1 /MDd /GS /fp:precise /Zc:wchar_t /Zc:forScope /Fo"Debug\x64\\" /Fd"Debug\x64\vc100.pdb" /Gd /TP /errorReport:prompt mHpWin32Button.cpp
         mHpWin32Button.cpp
     1>d:\dev\mhelp\controls\mhpwin32button\mHpWin32Button.h(63): warning C4996: 'strncpy': This function or variable may be unsafe. Consider using strncpy_s instead. To disable deprecation, use _CRT_SECURE_NO_WARNINGS. See online help for details.
                 C:\Program Files (x86)\Microsoft Visual Studio 10.0\VC\include\string.h(188) : see declaration of 'strncpy'
     1>mHpWin32Button.cpp(18): warning C4996: 'strncpy': This function or variable may be unsafe. Consider using strncpy_s instead. To disable deprecation, use _CRT_SECURE_NO_WARNINGS. See online help for details.
                 C:\Program Files (x86)\Microsoft Visual Studio 10.0\VC\include\string.h(188) : see declaration of 'strncpy'
     1>mHpWin32Button.cpp(47): warning C4996: '_snprintf': This function or variable may be unsafe. Consider using _snprintf_s instead. To disable deprecation, use _CRT_SECURE_NO_WARNINGS. See online help for details.
                 C:\Program Files (x86)\Microsoft Visual Studio 10.0\VC\include\stdio.h(363) : see declaration of '_snprintf'
     1>mHpWin32Button.cpp(145): warning C4996: 'strncpy': This function or variable may be unsafe. Consider using strncpy_s instead. To disable deprecation, use _CRT_SECURE_NO_WARNINGS. See online help for details.
                 C:\Program Files (x86)\Microsoft Visual Studio 10.0\VC\include\string.h(188) : see declaration of 'strncpy'
     1>mHpWin32Button.cpp(146): warning C4996: 'strncat': This function or variable may be unsafe. Consider using strncat_s instead. To disable deprecation, use _CRT_SECURE_NO_WARNINGS. See online help for details.
                 C:\Program Files (x86)\Microsoft Visual Studio 10.0\VC\include\string.h(175) : see declaration of 'strncat'
     1>mHpWin32Button.cpp(148): warning C4996: 'strncat': This function or variable may be unsafe. Consider using strncat_s instead. To disable deprecation, use _CRT_SECURE_NO_WARNINGS. See online help for details.
                 C:\Program Files (x86)\Microsoft Visual Studio 10.0\VC\include\string.h(175) : see declaration of 'strncat'
     1>mHpWin32Button.cpp(149): warning C4996: 'strncat': This function or variable may be unsafe. Consider using strncat_s instead. To disable deprecation, use _CRT_SECURE_NO_WARNINGS. See online help for details.
                 C:\Program Files (x86)\Microsoft Visual Studio 10.0\VC\include\string.h(175) : see declaration of 'strncat'
     1>mHpWin32Button.cpp(328): warning C4996: '_snprintf': This function or variable may be unsafe. Consider using _snprintf_s instead. To disable deprecation, use _CRT_SECURE_NO_WARNINGS. See online help for details.
                 C:\Program Files (x86)\Microsoft Visual Studio 10.0\VC\include\stdio.h(363) : see declaration of '_snprintf'
     1>mHpWin32Button.cpp(368): warning C4996: 'strncpy': This function or variable may be unsafe. Consider using strncpy_s instead. To disable deprecation, use _CRT_SECURE_NO_WARNINGS. See online help for details.
                 C:\Program Files (x86)\Microsoft Visual Studio 10.0\VC\include\string.h(188) : see declaration of 'strncpy'
     1>mHpWin32Button.cpp(385): warning C4996: 'strncat': This function or variable may be unsafe. Consider using strncat_s instead. To disable deprecation, use _CRT_SECURE_NO_WARNINGS. See online help for details.
                 C:\Program Files (x86)\Microsoft Visual Studio 10.0\VC\include\string.h(175) : see declaration of 'strncat'
       ResourceCompile:
         C:\Program Files (x86)\Microsoft SDKs\Windows\v7.0A\bin\rc.exe /l"0x0409" /nologo /fo"Debug\x64\mHpWin32Button.res" mHpWin32Button.rc 
       ManifestResourceCompile:
         C:\Program Files (x86)\Microsoft SDKs\Windows\v7.0A\bin\rc.exe /nologo /fo"Debug\x64\mHpWin32Button.dll.embed.manifest.res" Debug\x64\mHpWin32Button_manifest.rc 
       Link:
         C:\Program Files (x86)\Microsoft Visual Studio 10.0\VC\bin\x86_amd64\link.exe /ERRORREPORT:PROMPT /OUT:"D:\Dev\mHelp\Controls\mHpWin32Button\Debug\x64\mHpWin32Button.dll" /INCREMENTAL /NOLOGO D:\Dev\mHelp\mHpCtrlMgmt\Debug\x64\mHpCtrlMgmt.lib version.lib kernel32.lib user32.lib gdi32.lib winspool.lib comdlg32.lib advapi32.lib shell32.lib ole32.lib oleaut32.lib uuid.lib odbc32.lib odbccp32.lib /DEF:"mHpWin32Button.def" /MANIFEST /ManifestFile:"Debug\x64\mHpWin32Button.dll.intermediate.manifest" /MANIFESTUAC:"level='asInvoker' uiAccess='false'" /DEBUG /PDB:"D:\Dev\mHelp\Controls\mHpWin32Button\Debug\x64\mHpWin32Button.pdb" /SUBSYSTEM:WINDOWS /TLBID:1 /DYNAMICBASE /NXCOMPAT /IMPLIB:"D:\Dev\mHelp\Controls\mHpWin32Button\Debug\x64\mHpWin32Button.lib" /MACHINE:X64 /DLL Debug\x64\mHpWin32Button.res
         Debug\x64\mHpWin32Button.dll.embed.manifest.res
         Debug\x64\mHpWin32Button.obj
            Creating library D:\Dev\mHelp\Controls\mHpWin32Button\Debug\x64\mHpWin32Button.lib and object D:\Dev\mHelp\Controls\mHpWin32Button\Debug\x64\mHpWin32Button.exp
         mHpWin32Button.vcxproj -> D:\Dev\mHelp\Controls\mHpWin32Button\Debug\x64\mHpWin32Button.dll
       Manifest:
         Deleting file "Debug\x64\mHpWin32Button.dll.embed.manifest".
         C:\Program Files (x86)\Microsoft SDKs\Windows\v7.0A\bin\mt.exe /nologo /verbose /out:"Debug\x64\mHpWin32Button.dll.embed.manifest" /manifest Debug\x64\mHpWin32Button.dll.intermediate.manifest
         C:\Program Files (x86)\Microsoft SDKs\Windows\v7.0A\bin\rc.exe /nologo /fo"Debug\x64\mHpWin32Button.dll.embed.manifest.res" Debug\x64\mHpWin32Button_manifest.rc 
       LinkEmbedManifest:
         C:\Program Files (x86)\Microsoft Visual Studio 10.0\VC\bin\x86_amd64\link.exe /ERRORREPORT:PROMPT /OUT:"D:\Dev\mHelp\Controls\mHpWin32Button\Debug\x64\mHpWin32Button.dll" /INCREMENTAL /NOLOGO D:\Dev\mHelp\mHpCtrlMgmt\Debug\x64\mHpCtrlMgmt.lib version.lib kernel32.lib user32.lib gdi32.lib winspool.lib comdlg32.lib advapi32.lib shell32.lib ole32.lib oleaut32.lib uuid.lib odbc32.lib odbccp32.lib /DEF:"mHpWin32Button.def" /MANIFEST /ManifestFile:"Debug\x64\mHpWin32Button.dll.intermediate.manifest" /MANIFESTUAC:"level='asInvoker' uiAccess='false'" /DEBUG /PDB:"D:\Dev\mHelp\Controls\mHpWin32Button\Debug\x64\mHpWin32Button.pdb" /SUBSYSTEM:WINDOWS /TLBID:1 /DYNAMICBASE /NXCOMPAT /IMPLIB:"D:\Dev\mHelp\Controls\mHpWin32Button\Debug\x64\mHpWin32Button.lib" /MACHINE:X64 /DLL Debug\x64\mHpWin32Button.res
         Debug\x64\mHpWin32Button.dll.embed.manifest.res
         Debug\x64\mHpWin32Button.obj
         mHpWin32Button.vcxproj -> D:\Dev\mHelp\Controls\mHpWin32Button\Debug\x64\mHpWin32Button.dll
       FinalizeBuildStatus:
         Deleting file "Debug\x64\mHpWin32Button.unsuccessfulbuild".
         Touching "Debug\x64\mHpWin32Button.lastbuildstate".
     1>Done Building Project "D:\Dev\mHelp\Controls\mHpWin32Button\mHpWin32Button.vcxproj" (rebuild target(s)).

Build succeeded.

Time Elapsed 00:00:00.85
