Build started 26/03/2013 16:49:39.
     1>Project "D:\Dev\mHelp\QtmHpCtrl\QtmHpCtrl.vcxproj" on node 2 (rebuild target(s)).
     1>InitializeBuildStatus:
         Creating "Debug\x64\QtmHpCtrl.unsuccessfulbuild" because "AlwaysCreate" was specified.
       CustomBuild:
         Moc'ing QtmHpCtrl.h...
       ClCompile:
         C:\Program Files (x86)\Microsoft Visual Studio 10.0\VC\bin\x86_amd64\CL.exe /c /I.\GeneratedFiles /I. /ID:\Dev\Qt\4.8.3\include /I.\GeneratedFiles\Debug /ID:\Dev\Qt\4.8.3\include\QtCore /ID:\Dev\Qt\4.8.3\include\QtGui /Zi /nologo /W1 /WX- /Od /D _WIN64 /D QT_LARGEFILE_SUPPORT /D QT_DLL /D QT_CORE_LIB /D QT_GUI_LIB /D QTMHPCTRL_LIB /D _MBCS /Gm- /EHsc /MDd /GS /fp:precise /Zc:wchar_t- /Zc:forScope /Fo"Debug\x64\\" /Fd"Debug\x64\vc100.pdb" /Gd /TP /errorReport:prompt GeneratedFiles\Debug\moc_QtmHpCtrl.cpp QtmHpCtrl.cpp
         moc_QtmHpCtrl.cpp
         QtmHpCtrl.cpp
         Generating Code...
       Lib:
         C:\Program Files (x86)\Microsoft Visual Studio 10.0\VC\bin\x86_amd64\Lib.exe /OUT:"D:\Dev\mHelp\QtmHpCtrl\Debug\x64\\QtmHpCtrl.lib" /LIBPATH:D:\Dev\Qt\4.8.3\lib /NOLOGO Debug\x64\moc_QtmHpCtrl.obj
         Debug\x64\QtmHpCtrl.obj
         QtmHpCtrl.vcxproj -> D:\Dev\mHelp\QtmHpCtrl\Debug\x64\QtmHpCtrl.lib
       FinalizeBuildStatus:
         Deleting file "Debug\x64\QtmHpCtrl.unsuccessfulbuild".
         Touching "Debug\x64\QtmHpCtrl.lastbuildstate".
     1>Done Building Project "D:\Dev\mHelp\QtmHpCtrl\QtmHpCtrl.vcxproj" (rebuild target(s)).

Build succeeded.

Time Elapsed 00:00:01.60
