Build started 26/03/2013 16:52:44.
     1>Project "D:\Dev\mHelp\Example\MFC\Wordpad\wordpad.vcxproj" on node 2 (rebuild target(s)).
     1>InitializeBuildStatus:
         Creating "Debug\x64\wordpad.unsuccessfulbuild" because "AlwaysCreate" was specified.
       ClCompile:
         C:\Program Files (x86)\Microsoft Visual Studio 10.0\VC\bin\x86_amd64\CL.exe /c /ID:\Dev\mHelp\mHelp /Zi /nologo /W4 /WX /Od /D _AFXDLL /D _WIN64 /D _DEBUG /D _WINDOWS /D _MBCS /D _AFXDLL /Gm- /EHsc /MDd /GS /fp:precise /Zc:wchar_t /Zc:forScope /Yc"stdafx.h" /Fp"Debug\x64\wordpad.pch" /Fo"Debug\x64\\" /Fd"Debug\x64\vc100.pdb" /Gd /TP /errorReport:prompt stdafx.cpp
         stdafx.cpp
         _WIN32_WINNT not defined. Defaulting to _WIN32_WINNT_MAXVER (see WinSDKVer.h)
         C:\Program Files (x86)\Microsoft Visual Studio 10.0\VC\bin\x86_amd64\CL.exe /c /ID:\Dev\mHelp\mHelp /Zi /nologo /W4 /WX /Od /D _AFXDLL /D _WIN64 /D _DEBUG /D _WINDOWS /D _MBCS /D _AFXDLL /Gm- /EHsc /MDd /GS /fp:precise /Zc:wchar_t /Zc:forScope /Fo"Debug\x64\\" /Fd"Debug\x64\vc100.pdb" /Gd /TP /errorReport:prompt buttondi.cpp chicdial.cpp cntritem.cpp colorlis.cpp datedial.cpp ddxm.cpp docopt.cpp doctype.cpp filenewd.cpp formatba.cpp formatpa.cpp formatta.cpp ipframe.cpp key.cpp listdlg.cpp mainfrm.cpp multconv.cpp options.cpp optionsh.cpp pageset.cpp ruler.cpp splash.cpp srvritem.cpp strings.cpp unitspag.cpp wordpad.cpp wordpdoc.cpp wordpvw.cpp
         buttondi.cpp
         _WIN32_WINNT not defined. Defaulting to _WIN32_WINNT_MAXVER (see WinSDKVer.h)
         chicdial.cpp
         _WIN32_WINNT not defined. Defaulting to _WIN32_WINNT_MAXVER (see WinSDKVer.h)
         cntritem.cpp
         _WIN32_WINNT not defined. Defaulting to _WIN32_WINNT_MAXVER (see WinSDKVer.h)
         colorlis.cpp
         _WIN32_WINNT not defined. Defaulting to _WIN32_WINNT_MAXVER (see WinSDKVer.h)
         datedial.cpp
         _WIN32_WINNT not defined. Defaulting to _WIN32_WINNT_MAXVER (see WinSDKVer.h)
         ddxm.cpp
         _WIN32_WINNT not defined. Defaulting to _WIN32_WINNT_MAXVER (see WinSDKVer.h)
         docopt.cpp
         _WIN32_WINNT not defined. Defaulting to _WIN32_WINNT_MAXVER (see WinSDKVer.h)
         doctype.cpp
         _WIN32_WINNT not defined. Defaulting to _WIN32_WINNT_MAXVER (see WinSDKVer.h)
         filenewd.cpp
         _WIN32_WINNT not defined. Defaulting to _WIN32_WINNT_MAXVER (see WinSDKVer.h)
         formatba.cpp
         _WIN32_WINNT not defined. Defaulting to _WIN32_WINNT_MAXVER (see WinSDKVer.h)
         formatpa.cpp
         _WIN32_WINNT not defined. Defaulting to _WIN32_WINNT_MAXVER (see WinSDKVer.h)
         formatta.cpp
         _WIN32_WINNT not defined. Defaulting to _WIN32_WINNT_MAXVER (see WinSDKVer.h)
         ipframe.cpp
         _WIN32_WINNT not defined. Defaulting to _WIN32_WINNT_MAXVER (see WinSDKVer.h)
         key.cpp
         _WIN32_WINNT not defined. Defaulting to _WIN32_WINNT_MAXVER (see WinSDKVer.h)
         listdlg.cpp
         _WIN32_WINNT not defined. Defaulting to _WIN32_WINNT_MAXVER (see WinSDKVer.h)
         mainfrm.cpp
         _WIN32_WINNT not defined. Defaulting to _WIN32_WINNT_MAXVER (see WinSDKVer.h)
         multconv.cpp
         _WIN32_WINNT not defined. Defaulting to _WIN32_WINNT_MAXVER (see WinSDKVer.h)
         options.cpp
         _WIN32_WINNT not defined. Defaulting to _WIN32_WINNT_MAXVER (see WinSDKVer.h)
         optionsh.cpp
         _WIN32_WINNT not defined. Defaulting to _WIN32_WINNT_MAXVER (see WinSDKVer.h)
         pageset.cpp
         _WIN32_WINNT not defined. Defaulting to _WIN32_WINNT_MAXVER (see WinSDKVer.h)
         Generating Code...
         Compiling...
         ruler.cpp
         _WIN32_WINNT not defined. Defaulting to _WIN32_WINNT_MAXVER (see WinSDKVer.h)
         splash.cpp
         _WIN32_WINNT not defined. Defaulting to _WIN32_WINNT_MAXVER (see WinSDKVer.h)
         srvritem.cpp
         _WIN32_WINNT not defined. Defaulting to _WIN32_WINNT_MAXVER (see WinSDKVer.h)
         strings.cpp
         _WIN32_WINNT not defined. Defaulting to _WIN32_WINNT_MAXVER (see WinSDKVer.h)
         unitspag.cpp
         _WIN32_WINNT not defined. Defaulting to _WIN32_WINNT_MAXVER (see WinSDKVer.h)
         wordpad.cpp
         _WIN32_WINNT not defined. Defaulting to _WIN32_WINNT_MAXVER (see WinSDKVer.h)
         wordpdoc.cpp
         _WIN32_WINNT not defined. Defaulting to _WIN32_WINNT_MAXVER (see WinSDKVer.h)
         wordpvw.cpp
         _WIN32_WINNT not defined. Defaulting to _WIN32_WINNT_MAXVER (see WinSDKVer.h)
         Generating Code...
       ResourceCompile:
         C:\Program Files (x86)\Microsoft SDKs\Windows\v7.0A\bin\rc.exe /D _AFXDLL /D _DEBUG /D _AFXDLL /l"0x0409" /nologo /fo"Debug\x64\wordpad.res" wordpad.rc 
       ManifestResourceCompile:
         C:\Program Files (x86)\Microsoft SDKs\Windows\v7.0A\bin\rc.exe /nologo /fo"Debug\x64\wordpad.exe.embed.manifest.res" Debug\x64\wordpad_manifest.rc 
       Link:
         C:\Program Files (x86)\Microsoft Visual Studio 10.0\VC\bin\x86_amd64\link.exe /ERRORREPORT:PROMPT /OUT:"D:\Dev\mHelp\Example\MFC\wordpad\Debug\x64\wordpad.exe" /INCREMENTAL /NOLOGO D:\Dev\mHelp\mHelp\Debug\x64\mHelp.lib /MANIFEST /ManifestFile:"Debug\x64\wordpad.exe.intermediate.manifest" /MANIFESTUAC:"level='asInvoker' uiAccess='false'" /DEBUG /PDB:"D:\Dev\mHelp\Example\MFC\wordpad\Debug\x64\wordpad.pdb" /SUBSYSTEM:WINDOWS /TLBID:1 /DYNAMICBASE /NXCOMPAT /IMPLIB:"D:\Dev\mHelp\Example\MFC\wordpad\Debug\x64\wordpad.lib" /MACHINE:X64 Debug\x64\wordpad.res
         Debug\x64\wordpad.exe.embed.manifest.res
         Debug\x64\buttondi.obj
         Debug\x64\chicdial.obj
         Debug\x64\cntritem.obj
         Debug\x64\colorlis.obj
         Debug\x64\datedial.obj
         Debug\x64\ddxm.obj
         Debug\x64\docopt.obj
         Debug\x64\doctype.obj
         Debug\x64\filenewd.obj
         Debug\x64\formatba.obj
         Debug\x64\formatpa.obj
         Debug\x64\formatta.obj
         Debug\x64\ipframe.obj
         Debug\x64\key.obj
         Debug\x64\listdlg.obj
         Debug\x64\mainfrm.obj
         Debug\x64\multconv.obj
         Debug\x64\options.obj
         Debug\x64\optionsh.obj
         Debug\x64\pageset.obj
         Debug\x64\ruler.obj
         Debug\x64\splash.obj
         Debug\x64\srvritem.obj
         Debug\x64\stdafx.obj
         Debug\x64\strings.obj
         Debug\x64\unitspag.obj
         Debug\x64\wordpad.obj
         Debug\x64\wordpdoc.obj
         Debug\x64\wordpvw.obj
         wordpad.vcxproj -> D:\Dev\mHelp\Example\MFC\wordpad\Debug\x64\wordpad.exe
       Manifest:
         Deleting file "Debug\x64\wordpad.exe.embed.manifest".
         C:\Program Files (x86)\Microsoft SDKs\Windows\v7.0A\bin\mt.exe /nologo /verbose /out:"Debug\x64\wordpad.exe.embed.manifest" /manifest Debug\x64\wordpad.exe.intermediate.manifest "C:\Program Files (x86)\Microsoft Visual Studio 10.0\VC\Include\Manifest\dpiaware.manifest"
         C:\Program Files (x86)\Microsoft SDKs\Windows\v7.0A\bin\rc.exe /nologo /fo"Debug\x64\wordpad.exe.embed.manifest.res" Debug\x64\wordpad_manifest.rc 
       LinkEmbedManifest:
         C:\Program Files (x86)\Microsoft Visual Studio 10.0\VC\bin\x86_amd64\link.exe /ERRORREPORT:PROMPT /OUT:"D:\Dev\mHelp\Example\MFC\wordpad\Debug\x64\wordpad.exe" /INCREMENTAL /NOLOGO D:\Dev\mHelp\mHelp\Debug\x64\mHelp.lib /MANIFEST /ManifestFile:"Debug\x64\wordpad.exe.intermediate.manifest" /MANIFESTUAC:"level='asInvoker' uiAccess='false'" /DEBUG /PDB:"D:\Dev\mHelp\Example\MFC\wordpad\Debug\x64\wordpad.pdb" /SUBSYSTEM:WINDOWS /TLBID:1 /DYNAMICBASE /NXCOMPAT /IMPLIB:"D:\Dev\mHelp\Example\MFC\wordpad\Debug\x64\wordpad.lib" /MACHINE:X64 Debug\x64\wordpad.res
         Debug\x64\wordpad.exe.embed.manifest.res
         Debug\x64\buttondi.obj
         Debug\x64\chicdial.obj
         Debug\x64\cntritem.obj
         Debug\x64\colorlis.obj
         Debug\x64\datedial.obj
         Debug\x64\ddxm.obj
         Debug\x64\docopt.obj
         Debug\x64\doctype.obj
         Debug\x64\filenewd.obj
         Debug\x64\formatba.obj
         Debug\x64\formatpa.obj
         Debug\x64\formatta.obj
         Debug\x64\ipframe.obj
         Debug\x64\key.obj
         Debug\x64\listdlg.obj
         Debug\x64\mainfrm.obj
         Debug\x64\multconv.obj
         Debug\x64\options.obj
         Debug\x64\optionsh.obj
         Debug\x64\pageset.obj
         Debug\x64\ruler.obj
         Debug\x64\splash.obj
         Debug\x64\srvritem.obj
         Debug\x64\stdafx.obj
         Debug\x64\strings.obj
         Debug\x64\unitspag.obj
         Debug\x64\wordpad.obj
         Debug\x64\wordpdoc.obj
         Debug\x64\wordpvw.obj
         wordpad.vcxproj -> D:\Dev\mHelp\Example\MFC\wordpad\Debug\x64\wordpad.exe
       FinalizeBuildStatus:
         Deleting file "Debug\x64\wordpad.unsuccessfulbuild".
         Touching "Debug\x64\wordpad.lastbuildstate".
     1>Done Building Project "D:\Dev\mHelp\Example\MFC\Wordpad\wordpad.vcxproj" (rebuild target(s)).

Build succeeded.

Time Elapsed 00:00:25.83
