d:\dev\mhelp\example\mfc\wordpad\debug\win32\wordpad.pch
d:\dev\mhelp\example\mfc\wordpad\debug\win32\stdafx.obj
d:\dev\mhelp\example\mfc\wordpad\debug\win32\vc100.pdb
d:\dev\mhelp\example\mfc\wordpad\debug\win32\pageset.obj
d:\dev\mhelp\example\mfc\wordpad\debug\win32\optionsh.obj
d:\dev\mhelp\example\mfc\wordpad\debug\win32\options.obj
d:\dev\mhelp\example\mfc\wordpad\debug\win32\multconv.obj
d:\dev\mhelp\example\mfc\wordpad\debug\win32\mainfrm.obj
d:\dev\mhelp\example\mfc\wordpad\debug\win32\listdlg.obj
d:\dev\mhelp\example\mfc\wordpad\debug\win32\key.obj
d:\dev\mhelp\example\mfc\wordpad\debug\win32\ipframe.obj
d:\dev\mhelp\example\mfc\wordpad\debug\win32\formatta.obj
d:\dev\mhelp\example\mfc\wordpad\debug\win32\formatpa.obj
d:\dev\mhelp\example\mfc\wordpad\debug\win32\formatba.obj
d:\dev\mhelp\example\mfc\wordpad\debug\win32\filenewd.obj
d:\dev\mhelp\example\mfc\wordpad\debug\win32\doctype.obj
d:\dev\mhelp\example\mfc\wordpad\debug\win32\docopt.obj
d:\dev\mhelp\example\mfc\wordpad\debug\win32\ddxm.obj
d:\dev\mhelp\example\mfc\wordpad\debug\win32\datedial.obj
d:\dev\mhelp\example\mfc\wordpad\debug\win32\colorlis.obj
d:\dev\mhelp\example\mfc\wordpad\debug\win32\cntritem.obj
d:\dev\mhelp\example\mfc\wordpad\debug\win32\chicdial.obj
d:\dev\mhelp\example\mfc\wordpad\debug\win32\buttondi.obj
d:\dev\mhelp\example\mfc\wordpad\debug\win32\wordpvw.obj
d:\dev\mhelp\example\mfc\wordpad\debug\win32\wordpdoc.obj
d:\dev\mhelp\example\mfc\wordpad\debug\win32\wordpad.obj
d:\dev\mhelp\example\mfc\wordpad\debug\win32\unitspag.obj
d:\dev\mhelp\example\mfc\wordpad\debug\win32\strings.obj
d:\dev\mhelp\example\mfc\wordpad\debug\win32\srvritem.obj
d:\dev\mhelp\example\mfc\wordpad\debug\win32\splash.obj
d:\dev\mhelp\example\mfc\wordpad\debug\win32\ruler.obj
d:\dev\mhelp\example\mfc\wordpad\debug\win32\wordpad.ilk
d:\dev\mhelp\example\mfc\wordpad\debug\win32\wordpad.exe
d:\dev\mhelp\example\mfc\wordpad\debug\win32\wordpad.exe.intermediate.manifest
d:\dev\mhelp\example\mfc\wordpad\debug\win32\wordpad.pdb
d:\dev\mhelp\example\mfc\wordpad\debug\win32\wordpad.exe.embed.manifest
d:\dev\mhelp\example\mfc\wordpad\debug\win32\wordpad.res
d:\dev\mhelp\example\mfc\wordpad\debug\win32\wordpad.exe.embed.manifest.res
d:\dev\mhelp\example\mfc\wordpad\debug\win32\cl.command.1.tlog
d:\dev\mhelp\example\mfc\wordpad\debug\win32\cl.read.1.tlog
d:\dev\mhelp\example\mfc\wordpad\debug\win32\cl.write.1.tlog
d:\dev\mhelp\example\mfc\wordpad\debug\win32\link-cvtres.read.1.tlog
d:\dev\mhelp\example\mfc\wordpad\debug\win32\link-cvtres.write.1.tlog
d:\dev\mhelp\example\mfc\wordpad\debug\win32\link.command.1.tlog
d:\dev\mhelp\example\mfc\wordpad\debug\win32\link.read.1.tlog
d:\dev\mhelp\example\mfc\wordpad\debug\win32\link.write.1.tlog
d:\dev\mhelp\example\mfc\wordpad\debug\win32\mt.command.1.tlog
d:\dev\mhelp\example\mfc\wordpad\debug\win32\mt.read.1.tlog
d:\dev\mhelp\example\mfc\wordpad\debug\win32\mt.write.1.tlog
d:\dev\mhelp\example\mfc\wordpad\debug\win32\rc.command.1.tlog
d:\dev\mhelp\example\mfc\wordpad\debug\win32\rc.read.1.tlog
d:\dev\mhelp\example\mfc\wordpad\debug\win32\rc.write.1.tlog
d:\dev\mhelp\example\mfc\wordpad\debug\win32\wordpad.write.1.tlog
d:\dev\mhelp\example\mfc\wordpad\debug\win32\wordpad_manifest.rc
