Build started 26/03/2013 16:53:15.
     1>Project "D:\Dev\mHelp\Example\Win32\WinApp\WinApp.vcxproj" on node 2 (rebuild target(s)).
     1>InitializeBuildStatus:
         Creating "Debug\x64\WinApp.unsuccessfulbuild" because "AlwaysCreate" was specified.
       ClCompile:
         C:\Program Files (x86)\Microsoft Visual Studio 10.0\VC\bin\x86_amd64\CL.exe /c /ID:\Dev\mHelp\mHelp /Zi /nologo /W3 /WX- /Od /D _WIN64 /D _DEBUG /D _WINDOWS /D _MBCS /Gm /EHsc /RTC1 /MDd /GS /fp:precise /Zc:wchar_t /Zc:forScope /Fo"Debug\x64\\" /Fd"Debug\x64\vc100.pdb" /Gd /TP /errorReport:prompt StdAfx.cpp WinApp.cpp
         WinApp.cpp
     1>WinApp.cpp(178): warning C4996: 'sprintf': This function or variable may be unsafe. Consider using sprintf_s instead. To disable deprecation, use _CRT_SECURE_NO_WARNINGS. See online help for details.
                 C:\Program Files (x86)\Microsoft Visual Studio 10.0\VC\include\stdio.h(371) : see declaration of 'sprintf'
     1>WinApp.cpp(247): warning C4996: 'sprintf': This function or variable may be unsafe. Consider using sprintf_s instead. To disable deprecation, use _CRT_SECURE_NO_WARNINGS. See online help for details.
                 C:\Program Files (x86)\Microsoft Visual Studio 10.0\VC\include\stdio.h(371) : see declaration of 'sprintf'
         StdAfx.cpp
         Generating Code...
       ResourceCompile:
         C:\Program Files (x86)\Microsoft SDKs\Windows\v7.0A\bin\rc.exe /l"0x0409" /nologo /fo"Debug\x64\WinApp.res" WinApp.rc 
       ManifestResourceCompile:
         C:\Program Files (x86)\Microsoft SDKs\Windows\v7.0A\bin\rc.exe /nologo /fo"Debug\x64\WinApp.exe.embed.manifest.res" Debug\x64\WinApp_manifest.rc 
       Link:
         C:\Program Files (x86)\Microsoft Visual Studio 10.0\VC\bin\x86_amd64\link.exe /ERRORREPORT:PROMPT /OUT:"D:\Dev\mHelp\Example\Win32\WinApp\Debug\x64\WinApp.exe" /INCREMENTAL /NOLOGO D:\Dev\mHelp\mHelp\Debug\x64\mHelp.lib kernel32.lib user32.lib gdi32.lib winspool.lib comdlg32.lib advapi32.lib shell32.lib ole32.lib oleaut32.lib uuid.lib odbc32.lib odbccp32.lib /MANIFEST /ManifestFile:"Debug\x64\WinApp.exe.intermediate.manifest" /MANIFESTUAC:"level='asInvoker' uiAccess='false'" /DEBUG /PDB:"D:\Dev\mHelp\Example\Win32\WinApp\Debug\x64\WinApp.pdb" /SUBSYSTEM:WINDOWS /TLBID:1 /DYNAMICBASE /NXCOMPAT /IMPLIB:"D:\Dev\mHelp\Example\Win32\WinApp\Debug\x64\WinApp.lib" /MACHINE:X64 Debug\x64\WinApp.res
         Debug\x64\WinApp.exe.embed.manifest.res
         Debug\x64\StdAfx.obj
         Debug\x64\WinApp.obj
         WinApp.vcxproj -> D:\Dev\mHelp\Example\Win32\WinApp\Debug\x64\WinApp.exe
       Manifest:
         Deleting file "Debug\x64\WinApp.exe.embed.manifest".
         C:\Program Files (x86)\Microsoft SDKs\Windows\v7.0A\bin\mt.exe /nologo /verbose /out:"Debug\x64\WinApp.exe.embed.manifest" /manifest Debug\x64\WinApp.exe.intermediate.manifest
         C:\Program Files (x86)\Microsoft SDKs\Windows\v7.0A\bin\rc.exe /nologo /fo"Debug\x64\WinApp.exe.embed.manifest.res" Debug\x64\WinApp_manifest.rc 
       LinkEmbedManifest:
         C:\Program Files (x86)\Microsoft Visual Studio 10.0\VC\bin\x86_amd64\link.exe /ERRORREPORT:PROMPT /OUT:"D:\Dev\mHelp\Example\Win32\WinApp\Debug\x64\WinApp.exe" /INCREMENTAL /NOLOGO D:\Dev\mHelp\mHelp\Debug\x64\mHelp.lib kernel32.lib user32.lib gdi32.lib winspool.lib comdlg32.lib advapi32.lib shell32.lib ole32.lib oleaut32.lib uuid.lib odbc32.lib odbccp32.lib /MANIFEST /ManifestFile:"Debug\x64\WinApp.exe.intermediate.manifest" /MANIFESTUAC:"level='asInvoker' uiAccess='false'" /DEBUG /PDB:"D:\Dev\mHelp\Example\Win32\WinApp\Debug\x64\WinApp.pdb" /SUBSYSTEM:WINDOWS /TLBID:1 /DYNAMICBASE /NXCOMPAT /IMPLIB:"D:\Dev\mHelp\Example\Win32\WinApp\Debug\x64\WinApp.lib" /MACHINE:X64 Debug\x64\WinApp.res
         Debug\x64\WinApp.exe.embed.manifest.res
         Debug\x64\StdAfx.obj
         Debug\x64\WinApp.obj
         WinApp.vcxproj -> D:\Dev\mHelp\Example\Win32\WinApp\Debug\x64\WinApp.exe
       FinalizeBuildStatus:
         Deleting file "Debug\x64\WinApp.unsuccessfulbuild".
         Touching "Debug\x64\WinApp.lastbuildstate".
     1>Done Building Project "D:\Dev\mHelp\Example\Win32\WinApp\WinApp.vcxproj" (rebuild target(s)).

Build succeeded.

Time Elapsed 00:00:00.71
