d:\dev\mhelp\mhpctrl\debug\win32\vc140.pdb
d:\dev\mhelp\mhpctrl\debug\win32\vc140.idb
d:\dev\mhelp\mhpctrl\debug\win32\chexctrl.obj
d:\dev\mhelp\mhpctrl\debug\win32\cboctrl.obj
d:\dev\mhelp\mhpctrl\debug\win32\comctrl.obj
d:\dev\mhelp\mhpctrl\debug\win32\editctrl.obj
d:\dev\mhelp\mhpctrl\debug\win32\listctrl.obj
d:\dev\mhelp\mhpctrl\debug\win32\listview.obj
d:\dev\mhelp\mhpctrl\debug\win32\menuctrl.obj
d:\dev\mhelp\mhpctrl\debug\win32\editrich.obj
d:\dev\mhelp\mhpctrl\debug\win32\slidctrl.obj
d:\dev\mhelp\mhpctrl\debug\win32\tabctrl.obj
d:\dev\mhelp\mhpctrl\debug\win32\toolbar.obj
d:\dev\mhelp\mhpctrl\debug\win32\treeview.obj
d:\dev\mhelp\mhpctrl\debug\win32\mhp2d.obj
d:\dev\mhelp\mhpctrl\debug\win32\mhpcomm.obj
d:\dev\mhelp\mhpctrl\debug\win32\mhpctrl.obj
d:\dev\mhelp\mhpctrl\debug\win32\mhpdotnetctrl.obj
d:\dev\mhelp\mhpctrl\debug\win32\mhpjavactrl.obj
d:\dev\mhelp\mhpctrl\debug\win32\mhpsnd.obj
d:\dev\mhelp\mhpctrl\debug\win32\mhpvar.obj
d:\dev\mhelp\mhpctrl\debug\win32\stdafx.obj
d:\dev\mhelp\mhpctrl\debug\win32\cfgdlg.obj
d:\dev\mhelp\mhpctrl\debug\win32\ctrlman.obj
d:\dev\mhelp\mhpctrl\debug\win32\ctrlmgmt.obj
d:\dev\mhelp\mhpctrl\debug\win32\btnctrl.obj
d:\dev\mhelp\mhpctrl\debug\win32\mhpctrl.ilk
d:\dev\mhelp\mhpctrl\debug\win32\mhpctrl.dll
d:\dev\mhelp\mhpctrl\debug\win32\mhpctrl.pdb
d:\dev\mhelp\mhpctrl\debug\win32\mhpctrl.lib
d:\dev\mhelp\mhpctrl\debug\win32\mhpctrl.exp
d:\dev\mhelp\mhpctrl\debug\win32\mhpctrl.res
d:\dev\mhelp\mhpctrl\debug\win32\mscorlib.tlh
d:\dev\mhelp\mhpctrl\debug\win32\mhpctrl.tlog\cl.command.1.tlog
d:\dev\mhelp\mhpctrl\debug\win32\mhpctrl.tlog\cl.read.1.tlog
d:\dev\mhelp\mhpctrl\debug\win32\mhpctrl.tlog\cl.write.1.tlog
d:\dev\mhelp\mhpctrl\debug\win32\mhpctrl.tlog\link.command.1.tlog
d:\dev\mhelp\mhpctrl\debug\win32\mhpctrl.tlog\link.read.1.tlog
d:\dev\mhelp\mhpctrl\debug\win32\mhpctrl.tlog\link.write.1.tlog
d:\dev\mhelp\mhpctrl\debug\win32\mhpctrl.tlog\mhpctrl.write.1u.tlog
d:\dev\mhelp\mhpctrl\debug\win32\mhpctrl.tlog\rc.command.1.tlog
d:\dev\mhelp\mhpctrl\debug\win32\mhpctrl.tlog\rc.read.1.tlog
d:\dev\mhelp\mhpctrl\debug\win32\mhpctrl.tlog\rc.write.1.tlog
