d:\dev\mhelp\controls\mhpqtbutton\debug\win32\vc140.pdb
d:\dev\mhelp\controls\mhpqtbutton\debug\win32\mhpqtbuttonui.obj
d:\dev\mhelp\controls\mhpqtbutton\debug\win32\mhpqtbutton.obj
d:\dev\mhelp\controls\mhpqtbutton\debug\win32\moc_mhpqtbuttonui.obj
d:\dev\mhelp\controls\mhpqtbutton\debug\win32\moc_mhpqtbutton.obj
d:\dev\mhelp\controls\mhpqtbutton\debug\win32\qrc_mhpqtbutton.obj
d:\dev\mhelp\controls\mhpqtbutton\generatedfiles\debug\moc_mhpqtbutton.cpp
d:\dev\mhelp\controls\mhpqtbutton\generatedfiles\debug\moc_mhpqtbuttonui.cpp
d:\dev\mhelp\controls\mhpqtbutton\generatedfiles\qrc_mhpqtbutton.cpp
d:\dev\mhelp\controls\mhpqtbutton\generatedfiles\ui_mhpqtbutton.h
d:\dev\mhelp\controls\mhpqtbutton\debug\win32\mhpqtbutton.ilk
d:\dev\mhelp\controls\mhpqtbutton\debug\win32\mhpqtbutton.dll
d:\dev\mhelp\controls\mhpqtbutton\debug\win32\mhpqtbutton.pdb
d:\dev\mhelp\controls\mhpqtbutton\debug\win32\mhpqtbutton.lib
d:\dev\mhelp\controls\mhpqtbutton\debug\win32\mhpqtbutton.exp
d:\dev\mhelp\controls\mhpqtbutton\debug\win32\mhpqtbutton.tlog\cl.command.1.tlog
d:\dev\mhelp\controls\mhpqtbutton\debug\win32\mhpqtbutton.tlog\cl.read.1.tlog
d:\dev\mhelp\controls\mhpqtbutton\debug\win32\mhpqtbutton.tlog\cl.write.1.tlog
d:\dev\mhelp\controls\mhpqtbutton\debug\win32\mhpqtbutton.tlog\custombuild.command.1.tlog
d:\dev\mhelp\controls\mhpqtbutton\debug\win32\mhpqtbutton.tlog\custombuild.read.1.tlog
d:\dev\mhelp\controls\mhpqtbutton\debug\win32\mhpqtbutton.tlog\custombuild.write.1.tlog
d:\dev\mhelp\controls\mhpqtbutton\debug\win32\mhpqtbutton.tlog\link.command.1.tlog
d:\dev\mhelp\controls\mhpqtbutton\debug\win32\mhpqtbutton.tlog\link.read.1.tlog
d:\dev\mhelp\controls\mhpqtbutton\debug\win32\mhpqtbutton.tlog\link.write.1.tlog
d:\dev\mhelp\controls\mhpqtbutton\debug\win32\mhpqtbutton.tlog\mhpqtbutton.write.1u.tlog
